<?xml version="1.0" encoding="UTF-8"?>
<!-- Generated by org.testng.reporters.JUnitXMLReporter -->
<testsuite ignored="0" hostname="LAPTOP-LHHKFES4" failures="5" tests="5" name="Testfour" time="0.016" errors="0" timestamp="2024-08-06T19:47:26 IST">
  <testcase classname="Select_Broswe_among_4.Program_New" name="Testcase1" time="0.0">
    <failure type="org.testng.TestNGException" message="
Parameter &amp;apos;browser&amp;apos; is required by @Test on method Testcase1 but has not been marked @Optional or defined
in C:\Users\hp\eclipse-workspace\Selenium_Maven_Project\selectbrowser.xml">
      <![CDATA[org.testng.TestNGException: 
Parameter 'browser' is required by @Test on method Testcase1 but has not been marked @Optional or defined
in C:\Users\hp\eclipse-workspace\Selenium_Maven_Project\selectbrowser.xml
at java.base/java.util.ArrayList.forEach(ArrayList.java:1511)
... Removed 26 stack frames]]>
    </failure>
  </testcase> <!-- Testcase1 -->
  <testcase classname="Select_Broswe_among_4.Program_New" name="Testcase2" time="0.0">
    <failure type="org.testng.TestNGException" message="
Parameter &amp;apos;browser&amp;apos; is required by @Test on method Testcase2 but has not been marked @Optional or defined
in C:\Users\hp\eclipse-workspace\Selenium_Maven_Project\selectbrowser.xml">
      <![CDATA[org.testng.TestNGException: 
Parameter 'browser' is required by @Test on method Testcase2 but has not been marked @Optional or defined
in C:\Users\hp\eclipse-workspace\Selenium_Maven_Project\selectbrowser.xml
at java.base/java.util.ArrayList.forEach(ArrayList.java:1511)
... Removed 26 stack frames]]>
    </failure>
  </testcase> <!-- Testcase2 -->
  <testcase classname="Select_Broswe_among_4.Program_New" name="Testcase3" time="0.0">
    <failure type="org.testng.TestNGException" message="
Parameter &amp;apos;browser&amp;apos; is required by @Test on method Testcase3 but has not been marked @Optional or defined
in C:\Users\hp\eclipse-workspace\Selenium_Maven_Project\selectbrowser.xml">
      <![CDATA[org.testng.TestNGException: 
Parameter 'browser' is required by @Test on method Testcase3 but has not been marked @Optional or defined
in C:\Users\hp\eclipse-workspace\Selenium_Maven_Project\selectbrowser.xml
at java.base/java.util.ArrayList.forEach(ArrayList.java:1511)
... Removed 26 stack frames]]>
    </failure>
  </testcase> <!-- Testcase3 -->
  <testcase classname="Select_Broswe_among_4.Program_New" name="Testcase4" time="0.0">
    <failure type="org.testng.TestNGException" message="
Parameter &amp;apos;browser&amp;apos; is required by @Test on method Testcase4 but has not been marked @Optional or defined
in C:\Users\hp\eclipse-workspace\Selenium_Maven_Project\selectbrowser.xml">
      <![CDATA[org.testng.TestNGException: 
Parameter 'browser' is required by @Test on method Testcase4 but has not been marked @Optional or defined
in C:\Users\hp\eclipse-workspace\Selenium_Maven_Project\selectbrowser.xml
at java.base/java.util.ArrayList.forEach(ArrayList.java:1511)
... Removed 26 stack frames]]>
    </failure>
  </testcase> <!-- Testcase4 -->
  <testcase classname="Select_Broswe_among_4.Program_New" name="Testcase5" time="0.0">
    <failure type="org.testng.TestNGException" message="
Parameter &amp;apos;browser&amp;apos; is required by @Test on method Testcase5 but has not been marked @Optional or defined
in C:\Users\hp\eclipse-workspace\Selenium_Maven_Project\selectbrowser.xml">
      <![CDATA[org.testng.TestNGException: 
Parameter 'browser' is required by @Test on method Testcase5 but has not been marked @Optional or defined
in C:\Users\hp\eclipse-workspace\Selenium_Maven_Project\selectbrowser.xml
at java.base/java.util.ArrayList.forEach(ArrayList.java:1511)
... Removed 26 stack frames]]>
    </failure>
  </testcase> <!-- Testcase5 -->
</testsuite> <!-- Testfour -->
